<?xml version="1.0" encoding="UTF-8"?>
<coverage generated="1741728035806" clover="3.2.0">
  <project timestamp="1741728035807" name="All files">
    <metrics statements="5" coveredstatements="4" conditionals="4" coveredconditionals="3" methods="1" coveredmethods="1" elements="10" coveredelements="8" complexity="0" loc="5" ncloc="5" packages="1" files="1" classes="1"/>
    <file name="handler.js" path="C:\Users\vinit\OneDrive\Desktop\Repo\GHW_cloud_week\hello-serverless\handler.js">
      <metrics statements="5" coveredstatements="4" conditionals="4" coveredconditionals="3" methods="1" coveredmethods="1"/>
      <line num="3" count="1" type="stmt"/>
      <line num="4" count="1" type="stmt"/>
      <line num="5" count="1" type="cond" truecount="3" falsecount="1"/>
      <line num="6" count="1" type="stmt"/>
      <line num="18" count="0" type="stmt"/>
    </file>
  </project>
</coverage>
