{"C:\\Users\\vinit\\OneDrive\\Desktop\\Repo\\GHW_cloud_week\\hello-serverless\\handler.js": {"path":"C:\\Users\\vinit\\OneDrive\\Desktop\\Repo\\GHW_cloud_week\\hello-serverless\\handler.js","statementMap":{"0":{"start":{"line":3,"column":0},"end":{"line":30,"column":2}},"1":{"start":{"line":4,"column":2},"end":{"line":29,"column":3}},"2":{"start":{"line":5,"column":17},"end":{"line":5,"column":125}},"3":{"start":{"line":6,"column":4},"end":{"line":16,"column":6}},"4":{"start":{"line":18,"column":4},"end":{"line":28,"column":6}}},"fnMap":{"0":{"name":"(anonymous_0)","decl":{"start":{"line":3,"column":23},"end":{"line":3,"column":24}},"loc":{"start":{"line":3,"column":40},"end":{"line":30,"column":1}},"line":3}},"branchMap":{"0":{"loc":{"start":{"line":5,"column":17},"end":{"line":5,"column":125}},"type":"cond-expr","locations":[{"start":{"line":5,"column":83},"end":{"line":5,"column":115}},{"start":{"line":5,"column":118},"end":{"line":5,"column":125}}],"line":5},"1":{"loc":{"start":{"line":5,"column":17},"end":{"line":5,"column":80}},"type":"binary-expr","locations":[{"start":{"line":5,"column":17},"end":{"line":5,"column":44}},{"start":{"line":5,"column":48},"end":{"line":5,"column":80}}],"line":5}},"s":{"0":1,"1":10,"2":10,"3":9,"4":1},"f":{"0":10},"b":{"0":[6,3],"1":[10,7]},"_coverageSchema":"1a1c01bbd47fc00a2c39e90264f33305004495a9","hash":"cbc0ffc01acb617183ad62d3a7fc3b34301ef07a"}
}
